<?xml version="1.0" encoding="utf-8"?><testsuites name="pytest tests"><testsuite name="pytest" errors="0" failures="0" skipped="0" tests="12" time="8.530" timestamp="2026-06-11T19:56:51.664222+00:00" hostname="agent-env-3a0cb275-2bdf-4ac7-97a6-eab951cfc97d"><testcase classname="backend.tests.test_assignments" name="test_public_groups_no_auth" time="0.835" /><testcase classname="backend.tests.test_assignments" name="test_register_student_with_group_course_info" time="0.432" /><testcase classname="backend.tests.test_assignments" name="test_register_teacher_ignores_student_fields" time="0.358" /><testcase classname="backend.tests.test_assignments" name="test_assignments_create_and_get" time="0.332" /><testcase classname="backend.tests.test_assignments" name="test_assignments_replace_set" time="0.316" /><testcase classname="backend.tests.test_assignments" name="test_student_in_assigned_group_sees_exam" time="0.621" /><testcase classname="backend.tests.test_assignments" name="test_student_not_in_assigned_group_does_not_see" time="0.690" /><testcase classname="backend.tests.test_assignments" name="test_unassigned_exam_visible_to_all" time="1.093" /><testcase classname="backend.tests.test_assignments" name="test_overdue_exam_closed_and_answer_rejected" time="0.817" /><testcase classname="backend.tests.test_assignments" name="test_teacher_results_due_date_and_overdue" time="0.988" /><testcase classname="backend.tests.test_assignments" name="test_teacher_results_overdue_true_for_incomplete" time="1.163" /><testcase classname="backend.tests.test_assignments" name="test_seed_exam_visible_publicly" time="0.800" /></testsuite></testsuites>