<?xml version="1.0" encoding="utf-8"?><testsuites name="pytest tests"><testsuite name="pytest" errors="0" failures="0" skipped="0" tests="39" time="49.114" timestamp="2026-06-11T19:58:01.168624+00:00" hostname="agent-env-3a0cb275-2bdf-4ac7-97a6-eab951cfc97d"><testcase classname="backend.tests.test_annotations" name="test_seed_exam_has_arrow_and_comment_annotations" time="7.821" /><testcase classname="backend.tests.test_annotations" name="test_seed_annotations_visible_to_student" time="20.454" /><testcase classname="backend.tests.test_annotations" name="test_create_exam_with_annotations_persists" time="0.409" /><testcase classname="backend.tests.test_annotations" name="test_update_exam_annotations" time="0.494" /><testcase classname="backend.tests.test_annotations" name="test_export_includes_annotations" time="0.326" /><testcase classname="backend.tests.test_annotations" name="test_student_sees_annotations_but_not_correct_answers" time="0.720" /><testcase classname="backend.tests.test_assignments" name="test_public_groups_no_auth" time="0.685" /><testcase classname="backend.tests.test_assignments" name="test_register_student_with_group_course_info" time="0.474" /><testcase classname="backend.tests.test_assignments" name="test_register_teacher_ignores_student_fields" time="0.350" /><testcase classname="backend.tests.test_assignments" name="test_assignments_create_and_get" time="0.343" /><testcase classname="backend.tests.test_assignments" name="test_assignments_replace_set" time="0.337" /><testcase classname="backend.tests.test_assignments" name="test_student_in_assigned_group_sees_exam" time="0.575" /><testcase classname="backend.tests.test_assignments" name="test_student_not_in_assigned_group_does_not_see" time="0.665" /><testcase classname="backend.tests.test_assignments" name="test_unassigned_exam_visible_to_all" time="1.330" /><testcase classname="backend.tests.test_assignments" name="test_overdue_exam_closed_and_answer_rejected" time="0.911" /><testcase classname="backend.tests.test_assignments" name="test_teacher_results_due_date_and_overdue" time="1.033" /><testcase classname="backend.tests.test_assignments" name="test_teacher_results_overdue_true_for_incomplete" time="1.251" /><testcase classname="backend.tests.test_assignments" name="test_seed_exam_visible_publicly" time="0.860" /><testcase classname="backend.tests.test_backend" name="test_admin_login" time="0.353" /><testcase classname="backend.tests.test_backend" name="test_admin_me" time="0.102" /><testcase classname="backend.tests.test_backend" name="test_student_register" time="0.363" /><testcase classname="backend.tests.test_backend" name="test_invalid_login" time="0.358" /><testcase classname="backend.tests.test_backend" name="test_list_exams_has_seed" time="0.131" /><testcase classname="backend.tests.test_backend" name="test_student_exam_no_answers" time="0.236" /><testcase classname="backend.tests.test_backend" name="test_create_update_delete_exam" time="0.571" /><testcase classname="backend.tests.test_backend" name="test_answer_flow" time="0.661" /><testcase classname="backend.tests.test_backend" name="test_groups_crud" time="0.339" /><testcase classname="backend.tests.test_backend" name="test_students_crud" time="0.555" /><testcase classname="backend.tests.test_backend" name="test_teacher_results" time="0.123" /><testcase classname="backend.tests.test_backend" name="test_role_guard" time="0.117" /><testcase classname="backend.tests.test_new_features" name="test_register_as_student" time="0.331" /><testcase classname="backend.tests.test_new_features" name="test_register_as_teacher" time="0.383" /><testcase classname="backend.tests.test_new_features" name="test_update_profile_theme_language_name" time="0.778" /><testcase classname="backend.tests.test_new_features" name="test_update_profile_invalid_values_ignored" time="0.229" /><testcase classname="backend.tests.test_new_features" name="test_change_password_and_login_with_new" time="1.918" /><testcase classname="backend.tests.test_new_features" name="test_change_password_too_short" time="0.680" /><testcase classname="backend.tests.test_new_features" name="test_create_exam_with_media_and_new_shapes" time="0.325" /><testcase classname="backend.tests.test_new_features" name="test_student_strips_explanation_media" time="0.870" /><testcase classname="backend.tests.test_new_features" name="test_polygon_shape_persistence" time="0.565" /></testsuite></testsuites>